<?xml version="1.0" ?>
<testsuite name="test_delbook.addTest-20191130151246" tests="1" time="0.001" failures="0" errors="0">
	<testcase classname="test_delbook.addTest" name="test_del" time="0.001"/>
	<system-out><![CDATA[Book: {'Title': 'Book1', 'Author': 'Author1'}
Book: {'Title': 'Book1', 'Author': 'Author1'}
books: []
]]></system-out>
	<system-err><![CDATA[]]></system-err>
</testsuite>
